<?xml version="1.0" encoding="UTF-8"?>
<!-- Generated by org.testng.reporters.JUnitReportReporter -->
<testsuite hostname="DESKTOP-QS1767H" failures="0" tests="3" name="utility.excelutils" time="0.055" errors="0" timestamp="2024-04-13T12:25:30 IST" skipped="0">
  <testcase classname="utility.excelutils" name="d" time="0.025"/>
  <testcase classname="utility.excelutils" name="d" time="0.026"/>
  <testcase classname="utility.excelutils" name="d" time="0.004"/>
</testsuite> <!-- utility.excelutils -->
