<?xml version="1.0" encoding="UTF-8"?>
<!-- Generated by org.testng.reporters.JUnitReportReporter -->
<testsuite hostname="DESKTOP-QS1767H" failures="0" tests="1" name="TestResult.RegisterPageTest" time="2.010" errors="0" timestamp="2024-02-03T12:38:13 IST" skipped="0">
  <testcase classname="TestResult.RegisterPageTest" name="registerNewUser" time="2.010"/>
</testsuite> <!-- TestResult.RegisterPageTest -->
