<?xml version="1.0" encoding="UTF-8"?>
<!-- Generated by org.testng.reporters.JUnitReportReporter -->
<testsuite hostname="DESKTOP-QS1767H" failures="0" tests="1" name="com.trail.proj.TestResult.TrailCode" time="8.375" errors="0" timestamp="2024-02-02T11:40:41 IST" skipped="0">
  <testcase classname="com.trail.proj.TestResult.TrailCode" name="start" time="8.375"/>
  <system-out/>
</testsuite> <!-- com.trail.proj.TestResult.TrailCode -->
