<?xml version="1.0" encoding="UTF-8"?>
<!-- Generated by org.testng.reporters.JUnitReportReporter -->
<testsuite hostname="DESKTOP-QS1767H" failures="0" tests="13" name="testCasePages.LoginPageTest" time="4.342" errors="0" timestamp="2024-04-13T12:25:30 IST" skipped="11">
  <testcase classname="testCasePages.LoginPageTest" name="vcheckInvalidLogin" time="2.177"/>
  <testcase classname="testCasePages.LoginPageTest" name="vcheckInvalidLogin" time="2.165"/>
  <testcase classname="testCasePages.LoginPageTest" name="voidDtable">
    <skipped/>
  </testcase> <!-- voidDtable -->
  <testcase classname="testCasePages.LoginPageTest" name="amazonDropdown">
    <skipped/>
  </testcase> <!-- amazonDropdown -->
  <testcase classname="testCasePages.LoginPageTest" name="mytrip">
    <skipped/>
  </testcase> <!-- mytrip -->
  <testcase classname="testCasePages.LoginPageTest" name="validatePageDetails">
    <skipped/>
  </testcase> <!-- validatePageDetails -->
  <testcase classname="testCasePages.LoginPageTest" name="validateCurrentUrl">
    <skipped/>
  </testcase> <!-- validateCurrentUrl -->
  <testcase classname="testCasePages.LoginPageTest" name="validateTitle">
    <skipped/>
  </testcase> <!-- validateTitle -->
  <testcase classname="testCasePages.LoginPageTest" name="oranage">
    <skipped/>
  </testcase> <!-- oranage -->
  <testcase classname="testCasePages.LoginPageTest" name="s">
    <skipped/>
  </testcase> <!-- s -->
  <testcase classname="testCasePages.LoginPageTest" name="validateLogin">
    <skipped/>
  </testcase> <!-- validateLogin -->
  <testcase classname="testCasePages.LoginPageTest" name="checkTable">
    <skipped/>
  </testcase> <!-- checkTable -->
  <testcase classname="testCasePages.LoginPageTest" name="wiki">
    <skipped/>
  </testcase> <!-- wiki -->
</testsuite> <!-- testCasePages.LoginPageTest -->
