<?xml version="1.0" encoding="UTF-8"?>
<!-- Generated by org.testng.reporters.JUnitReportReporter -->
<testsuite hostname="DESKTOP-QS1767H" failures="0" tests="1" name="com.trail.proj.TestResult.RegisterPageTest" time="1.431" errors="0" timestamp="2024-02-02T23:46:17 IST" skipped="0">
  <testcase classname="com.trail.proj.TestResult.RegisterPageTest" name="registerNewUser" time="1.431"/>
</testsuite> <!-- com.trail.proj.TestResult.RegisterPageTest -->
