<?xml version="1.0" encoding="UTF-8"?>
<!-- Generated by org.testng.reporters.JUnitReportReporter -->
<testsuite hostname="DESKTOP-QS1767H" failures="0" tests="13" name="TestResult.LoginPageTest" time="2.648" errors="0" timestamp="2024-04-12T21:56:20 IST" skipped="11">
  <testcase classname="TestResult.LoginPageTest" name="vcheckInvalidLogin" time="1.406"/>
  <testcase classname="TestResult.LoginPageTest" name="vcheckInvalidLogin" time="1.242"/>
  <testcase classname="TestResult.LoginPageTest" name="amazonDropdown">
    <skipped/>
  </testcase> <!-- amazonDropdown -->
  <testcase classname="TestResult.LoginPageTest" name="voidDtable">
    <skipped/>
  </testcase> <!-- voidDtable -->
  <testcase classname="TestResult.LoginPageTest" name="wiki">
    <skipped/>
  </testcase> <!-- wiki -->
  <testcase classname="TestResult.LoginPageTest" name="checkTable">
    <skipped/>
  </testcase> <!-- checkTable -->
  <testcase classname="TestResult.LoginPageTest" name="s">
    <skipped/>
  </testcase> <!-- s -->
  <testcase classname="TestResult.LoginPageTest" name="mytrip">
    <skipped/>
  </testcase> <!-- mytrip -->
  <testcase classname="TestResult.LoginPageTest" name="validateCurrentUrl">
    <skipped/>
  </testcase> <!-- validateCurrentUrl -->
  <testcase classname="TestResult.LoginPageTest" name="validatePageDetails">
    <skipped/>
  </testcase> <!-- validatePageDetails -->
  <testcase classname="TestResult.LoginPageTest" name="oranage">
    <skipped/>
  </testcase> <!-- oranage -->
  <testcase classname="TestResult.LoginPageTest" name="validateTitle">
    <skipped/>
  </testcase> <!-- validateTitle -->
  <testcase classname="TestResult.LoginPageTest" name="validateLogin">
    <skipped/>
  </testcase> <!-- validateLogin -->
</testsuite> <!-- TestResult.LoginPageTest -->
