<?xml version="1.0" encoding="UTF-8"?>
<!-- Generated by org.testng.reporters.JUnitReportReporter -->
<testsuite hostname="DESKTOP-QS1767H" failures="0" tests="11" name="TestResult.PracticePageTest" time="17.364" errors="0" timestamp="2024-04-09T10:59:25 IST" skipped="7">
  <testcase classname="TestResult.PracticePageTest" name="dis" time="11.134"/>
  <testcase classname="TestResult.PracticePageTest" name="dis" time="2.492"/>
  <testcase classname="TestResult.PracticePageTest" name="dis" time="1.535"/>
  <testcase classname="TestResult.PracticePageTest" name="dis" time="2.203"/>
  <testcase classname="TestResult.PracticePageTest" name="checkMultipleWindows">
    <skipped/>
  </testcase> <!-- checkMultipleWindows -->
  <testcase classname="TestResult.PracticePageTest" name="validateTextBox">
    <skipped/>
  </testcase> <!-- validateTextBox -->
  <testcase classname="TestResult.PracticePageTest" name="validateByParameters">
    <skipped/>
  </testcase> <!-- validateByParameters -->
  <testcase classname="TestResult.PracticePageTest" name="SelectDD">
    <skipped/>
  </testcase> <!-- SelectDD -->
  <testcase classname="TestResult.PracticePageTest" name="SelectGender">
    <skipped/>
  </testcase> <!-- SelectGender -->
  <testcase classname="TestResult.PracticePageTest" name="uisngDataProvider">
    <skipped/>
  </testcase> <!-- uisngDataProvider -->
  <testcase classname="TestResult.PracticePageTest" name="WindowHandleTest">
    <skipped/>
  </testcase> <!-- WindowHandleTest -->
</testsuite> <!-- TestResult.PracticePageTest -->
