<?xml version="1.0" encoding="UTF-8"?>
<!-- Generated by org.testng.reporters.JUnitReportReporter -->
<testsuite hostname="DESKTOP-QS1767H" failures="0" tests="3" name="DDTest.excelutils" time="0.038" errors="0" timestamp="2024-04-04T18:20:21 IST" skipped="0">
  <testcase classname="DDTest.excelutils" name="d" time="0.002"/>
  <testcase classname="DDTest.excelutils" name="d" time="0.006"/>
  <testcase classname="DDTest.excelutils" name="d" time="0.030"/>
</testsuite> <!-- DDTest.excelutils -->
