<?xml version="1.0" encoding="UTF-8"?>
<!-- Generated by org.testng.reporters.JUnitReportReporter -->
<testsuite hostname="DESKTOP-QS1767H" failures="0" tests="1" name="TestResult.AdminPageTest" time="0.717" errors="0" timestamp="2024-04-08T20:23:49 IST" skipped="0">
  <testcase classname="TestResult.AdminPageTest" name="Selectstatement" time="0.717"/>
</testsuite> <!-- TestResult.AdminPageTest -->
